<?xml version="1.0" encoding="UTF-8"?>
<!-- Generated by org.testng.reporters.JUnitReportReporter -->
<testsuite hostname="DESKTOP-TOFDT0T" failures="0" tests="1" name="com.crm.qa.testcases.ChildClass" time="0.216" errors="0" timestamp="2023-02-08T22:13:06 IST" skipped="0">
  <testcase classname="com.crm.qa.testcases.ChildClass" name="m1" time="0.216"/>
  <system-out/>
</testsuite> <!-- com.crm.qa.testcases.ChildClass -->
